maanaimApp/build/outputs/logs/manifest-merger-debug-report.txt
-- Merging decision tree log ---
manifest
ADDED from src/main/AndroidManifest.xml:2:1-195:12
INJECTED from src/main/AndroidManifest.xml:2:1-195:12
INJECTED from src/main/AndroidManifest.xml:2:1-195:12
INJECTED from src/main/AndroidManifest.xml:2:1-195:12
MERGED from [androidx.multidex:multidex:2.0.0] AndroidManifest.xml:17:1-22:12
MERGED from [com.google.android.gms:play-services-maps:17.0.0] AndroidManifest.xml:17:1-38:12
MERGED from [androidx.appcompat:appcompat:1.1.0] AndroidManifest.xml:17:1-24:12
MERGED from [androidx.core:core-ktx:1.1.0] AndroidManifest.xml:2:1-9:12
MERGED from [com.github.asne.facebook:facebook:3.17.2] AndroidManifest.xml:17:1-26:12
MERGED from [com.google.android.gms:play-services-base:17.0.0] AndroidManifest.xml:17:1-29:12
MERGED from [com.google.android.gms:play-services-tasks:17.0.0] AndroidManifest.xml:2:1-9:12
MERGED from [com.google.android.gms:play-services-basement:17.0.0] AndroidManifest.xml:17:1-28:12
MERGED from [androidx.legacy:legacy-support-v4:1.0.0] AndroidManifest.xml:17:1-22:12
MERGED from [androidx.fragment:fragment:1.1.0] AndroidManifest.xml:17:1-24:12
MERGED from [androidx.appcompat:appcompat-resources:1.1.0] AndroidManifest.xml:17:1-24:12
MERGED from [androidx.legacy:legacy-support-core-ui:1.0.0] AndroidManifest.xml:17:1-22:12
MERGED from [androidx.drawerlayout:drawerlayout:1.0.0] AndroidManifest.xml:17:1-22:12
MERGED from [androidx.viewpager:viewpager:1.0.0] AndroidManifest.xml:17:1-22:12
MERGED from [androidx.legacy:legacy-support-core-utils:1.0.0] AndroidManifest.xml:17:1-22:12
MERGED from [androidx.loader:loader:1.0.0] AndroidManifest.xml:17:1-22:12
MERGED from [androidx.activity:activity:1.0.0] AndroidManifest.xml:17:1-24:12
MERGED from [androidx.vectordrawable:vectordrawable-animated:1.1.0] AndroidManifest.xml:17:1-24:12
MERGED from [androidx.vectordrawable:vectordrawable:1.1.0] AndroidManifest.xml:17:1-24:12
MERGED from [androidx.coordinatorlayout:coordinatorlayout:1.0.0] AndroidManifest.xml:17:1-22:12
MERGED from [androidx.slidingpanelayout:slidingpanelayout:1.0.0] AndroidManifest.xml:17:1-22:12
MERGED from [androidx.customview:customview:1.0.0] AndroidManifest.xml:17:1-22:12
MERGED from [androidx.media:media:1.0.0] AndroidManifest.xml:17:1-22:12
MERGED from [androidx.swiperefreshlayout:swiperefreshlayout:1.0.0] AndroidManifest.xml:17:1-22:12
MERGED from [androidx.asynclayoutinflater:asynclayoutinflater:1.0.0] AndroidManifest.xml:17:1-22:12
MERGED from [androidx.core:core:1.1.0] AndroidManifest.xml:17:1-26:12
MERGED from [androidx.cursoradapter:cursoradapter:1.0.0] AndroidManifest.xml:17:1-22:12
MERGED from [androidx.versionedparcelable:versionedparcelable:1.1.0] AndroidManifest.xml:17:1-27:12
MERGED from [androidx.lifecycle:lifecycle-runtime:2.1.0] AndroidManifest.xml:17:1-22:12
MERGED from [androidx.lifecycle:lifecycle-viewmodel:2.1.0] AndroidManifest.xml:17:1-22:12
MERGED from [androidx.savedstate:savedstate:1.0.0] AndroidManifest.xml:17:1-24:12
MERGED from [androidx.interpolator:interpolator:1.0.0] AndroidManifest.xml:17:1-22:12
MERGED from [androidx.documentfile:documentfile:1.0.0] AndroidManifest.xml:17:1-22:12
MERGED from [androidx.localbroadcastmanager:localbroadcastmanager:1.0.0] AndroidManifest.xml:17:1-22:12
MERGED from [androidx.print:print:1.0.0] AndroidManifest.xml:17:1-22:12
MERGED from [androidx.lifecycle:lifecycle-livedata:2.0.0] AndroidManifest.xml:17:1-22:12
MERGED from [androidx.lifecycle:lifecycle-livedata-core:2.0.0] AndroidManifest.xml:17:1-22:12
MERGED from [androidx.arch.core:core-runtime:2.0.0] AndroidManifest.xml:17:1-22:12
INJECTED from src/main/AndroidManifest.xml:2:1-195:12
INJECTED from src/main/AndroidManifest.xml:2:1-195:12
INJECTED from src/main/AndroidManifest.xml:2:1-195:12
	package
		ADDED from src/main/AndroidManifest.xml:4:5-36
		INJECTED from src/main/AndroidManifest.xml
		INJECTED from src/main/AndroidManifest.xml
	android:versionName
		ADDED from src/main/AndroidManifest.xml:6:5-31
		INJECTED from src/main/AndroidManifest.xml
		INJECTED from src/main/AndroidManifest.xml
	xmlns:android
		ADDED from src/main/AndroidManifest.xml:2:11-69
	android:versionCode
		ADDED from src/main/AndroidManifest.xml:5:5-29
		INJECTED from src/main/AndroidManifest.xml
		INJECTED from src/main/AndroidManifest.xml
uses-permission#android.permission.CALL_PHONE
ADDED from src/main/AndroidManifest.xml:8:2-66
	android:name
		ADDED from src/main/AndroidManifest.xml:8:19-63
uses-permission#android.permission.WRITE_EXTERNAL_STORAGE
ADDED from src/main/AndroidManifest.xml:9:2-78
	android:name
		ADDED from src/main/AndroidManifest.xml:9:19-75
uses-permission#android.permission.INTERNET
ADDED from src/main/AndroidManifest.xml:10:2-64
MERGED from [com.google.android.gms:play-services-maps:17.0.0] AndroidManifest.xml:24:5-67
MERGED from [com.google.android.gms:play-services-maps:17.0.0] AndroidManifest.xml:24:5-67
	android:name
		ADDED from src/main/AndroidManifest.xml:10:19-61
uses-permission#com.google.android.providers.gsf.permission.READ_GSERVICES
ADDED from src/main/AndroidManifest.xml:11:2-95
	android:name
		ADDED from src/main/AndroidManifest.xml:11:19-92
uses-permission#android.permission.ACCESS_NETWORK_STATE
ADDED from src/main/AndroidManifest.xml:12:2-75
MERGED from [com.google.android.gms:play-services-maps:17.0.0] AndroidManifest.xml:23:5-79
MERGED from [com.google.android.gms:play-services-maps:17.0.0] AndroidManifest.xml:23:5-79
	android:name
		ADDED from src/main/AndroidManifest.xml:12:19-73
uses-permission#android.permission.ACCESS_COARSE_LOCATION
ADDED from src/main/AndroidManifest.xml:13:2-77
	android:name
		ADDED from src/main/AndroidManifest.xml:13:19-75
uses-permission#android.permission.ACCESS_FINE_LOCATION
ADDED from src/main/AndroidManifest.xml:14:2-75
	android:name
		ADDED from src/main/AndroidManifest.xml:14:19-73
uses-permission#android.permission.RECEIVE_SMS
ADDED from src/main/AndroidManifest.xml:15:2-66
	android:name
		ADDED from src/main/AndroidManifest.xml:15:19-64
uses-permission#android.permission.BLUETOOTH
ADDED from src/main/AndroidManifest.xml:16:2-64
	android:name
		ADDED from src/main/AndroidManifest.xml:16:19-62
uses-permission#android.permission.WAKE_LOCK
ADDED from src/main/AndroidManifest.xml:17:2-65
	android:name
		ADDED from src/main/AndroidManifest.xml:17:19-62
uses-permission#android.permission.RECEIVE_BOOT_COMPLETED
ADDED from src/main/AndroidManifest.xml:18:2-78
	android:name
		ADDED from src/main/AndroidManifest.xml:18:19-75
uses-permission#android.permission.VIBRATE
ADDED from src/main/AndroidManifest.xml:19:2-63
	android:name
		ADDED from src/main/AndroidManifest.xml:19:19-60
uses-permission#android.permission.GET_ACCOUNTS
ADDED from src/main/AndroidManifest.xml:20:2-68
	android:name
		ADDED from src/main/AndroidManifest.xml:20:19-65
uses-permission#com.google.android.c2dm.permission.RECEIVE
ADDED from src/main/AndroidManifest.xml:21:2-79
	android:name
		ADDED from src/main/AndroidManifest.xml:21:19-76
permission#br.com.igreja.cellapp.permission.C2D_MESSAGE
ADDED from src/main/AndroidManifest.xml:27:2-28:65
	android:protectionLevel
		ADDED from src/main/AndroidManifest.xml:27:14-49
	android:name
		ADDED from src/main/AndroidManifest.xml:28:3-62
uses-permission#br.com.igreja.cellapp.permission.C2D_MESSAGE
ADDED from src/main/AndroidManifest.xml:29:2-81
	android:name
		ADDED from src/main/AndroidManifest.xml:29:19-78
uses-feature#0x00020000
ADDED from src/main/AndroidManifest.xml:31:2-34:5
MERGED from [com.google.android.gms:play-services-maps:17.0.0] AndroidManifest.xml:26:5-28:35
MERGED from [com.google.android.gms:play-services-maps:17.0.0] AndroidManifest.xml:26:5-28:35
	android:glEsVersion
		ADDED from src/main/AndroidManifest.xml:32:3-35
	android:required
		ADDED from src/main/AndroidManifest.xml:33:3-26
application
ADDED from src/main/AndroidManifest.xml:36:2-193:16
MERGED from [com.google.android.gms:play-services-maps:17.0.0] AndroidManifest.xml:30:5-36:19
MERGED from [com.google.android.gms:play-services-maps:17.0.0] AndroidManifest.xml:30:5-36:19
MERGED from [com.github.asne.facebook:facebook:3.17.2] AndroidManifest.xml:24:5-20
MERGED from [com.github.asne.facebook:facebook:3.17.2] AndroidManifest.xml:24:5-20
MERGED from [com.google.android.gms:play-services-base:17.0.0] AndroidManifest.xml:22:5-27:19
MERGED from [com.google.android.gms:play-services-base:17.0.0] AndroidManifest.xml:22:5-27:19
MERGED from [com.google.android.gms:play-services-tasks:17.0.0] AndroidManifest.xml:7:5-20
MERGED from [com.google.android.gms:play-services-tasks:17.0.0] AndroidManifest.xml:7:5-20
MERGED from [com.google.android.gms:play-services-basement:17.0.0] AndroidManifest.xml:22:5-26:19
MERGED from [com.google.android.gms:play-services-basement:17.0.0] AndroidManifest.xml:22:5-26:19
MERGED from [androidx.core:core:1.1.0] AndroidManifest.xml:24:5-89
MERGED from [androidx.core:core:1.1.0] AndroidManifest.xml:24:5-89
MERGED from [androidx.versionedparcelable:versionedparcelable:1.1.0] AndroidManifest.xml:24:5-25:19
MERGED from [androidx.versionedparcelable:versionedparcelable:1.1.0] AndroidManifest.xml:24:5-25:19
	android:appComponentFactory
		ADDED from [androidx.core:core:1.1.0] AndroidManifest.xml:24:18-86
	android:label
		ADDED from src/main/AndroidManifest.xml:40:3-35
	android:icon
		ADDED from src/main/AndroidManifest.xml:39:3-39
	android:allowBackup
		ADDED from src/main/AndroidManifest.xml:38:3-29
	android:theme
		ADDED from src/main/AndroidManifest.xml:41:3-34
	android:name
		ADDED from src/main/AndroidManifest.xml:37:3-56
uses-library#com.google.android.maps
ADDED from src/main/AndroidManifest.xml:43:3-45:45
	android:required
		ADDED from src/main/AndroidManifest.xml:44:4-27
	android:name
		ADDED from src/main/AndroidManifest.xml:45:4-42
meta-data#com.google.android.gms.version
ADDED from src/main/AndroidManifest.xml:47:3-49:60
MERGED from [com.google.android.gms:play-services-basement:17.0.0] AndroidManifest.xml:23:9-25:69
MERGED from [com.google.android.gms:play-services-basement:17.0.0] AndroidManifest.xml:23:9-25:69
	android:value
		ADDED from src/main/AndroidManifest.xml:49:4-57
	android:name
		ADDED from src/main/AndroidManifest.xml:48:4-49
meta-data#com.google.android.maps.v2.API_KEY
ADDED from src/main/AndroidManifest.xml:51:3-53:38
	android:value
		ADDED from src/main/AndroidManifest.xml:53:4-35
	android:name
		ADDED from src/main/AndroidManifest.xml:52:4-53
meta-data#com.facebook.sdk.ApplicationId
ADDED from src/main/AndroidManifest.xml:55:3-57:45
	android:value
		ADDED from src/main/AndroidManifest.xml:57:4-43
	android:name
		ADDED from src/main/AndroidManifest.xml:56:4-49
meta-data#com.facebook.ApplicationId
ADDED from src/main/AndroidManifest.xml:59:3-61:46
	android:value
		ADDED from src/main/AndroidManifest.xml:61:4-43
	android:name
		ADDED from src/main/AndroidManifest.xml:60:4-45
meta-data#android.app.default_searchable
ADDED from src/main/AndroidManifest.xml:63:3-65:62
	android:value
		ADDED from src/main/AndroidManifest.xml:65:4-59
	android:name
		ADDED from src/main/AndroidManifest.xml:64:4-49
meta-data#android.app.searchable
ADDED from src/main/AndroidManifest.xml:67:3-69:41
	android:resource
		ADDED from src/main/AndroidManifest.xml:69:4-38
	android:name
		ADDED from src/main/AndroidManifest.xml:68:4-41
activity#com.facebook.LoginActivity
ADDED from src/main/AndroidManifest.xml:71:3-74:14
	android:windowSoftInputMode
		ADDED from src/main/AndroidManifest.xml:73:4-45
	android:name
		ADDED from src/main/AndroidManifest.xml:72:4-45
activity#br.com.igreja.cellapp.mainMenu.Sobre
ADDED from src/main/AndroidManifest.xml:76:3-79:14
	android:windowSoftInputMode
		ADDED from src/main/AndroidManifest.xml:78:4-45
	android:name
		ADDED from src/main/AndroidManifest.xml:77:4-55
activity#br.com.igreja.cellapp.mainMenu.BibliaMaanaim
ADDED from src/main/AndroidManifest.xml:81:3-85:14
	android:screenOrientation
		ADDED from src/main/AndroidManifest.xml:84:4-40
	android:theme
		ADDED from src/main/AndroidManifest.xml:83:4-34
	android:name
		ADDED from src/main/AndroidManifest.xml:82:4-63
activity#br.com.igreja.cellapp.mainMenu.Mana
ADDED from src/main/AndroidManifest.xml:87:3-91:14
	android:screenOrientation
		ADDED from src/main/AndroidManifest.xml:90:4-40
	android:theme
		ADDED from src/main/AndroidManifest.xml:89:4-34
	android:name
		ADDED from src/main/AndroidManifest.xml:88:4-54
activity#br.com.igreja.cellapp.mainMenu.Sugestoes
ADDED from src/main/AndroidManifest.xml:93:3-97:14
	android:screenOrientation
		ADDED from src/main/AndroidManifest.xml:96:4-40
	android:theme
		ADDED from src/main/AndroidManifest.xml:95:4-34
	android:name
		ADDED from src/main/AndroidManifest.xml:94:4-59
activity#br.com.igreja.cellapp.maps.Mapa
ADDED from src/main/AndroidManifest.xml:99:3-103:14
	android:screenOrientation
		ADDED from src/main/AndroidManifest.xml:102:4-40
	android:theme
		ADDED from src/main/AndroidManifest.xml:101:4-34
	android:name
		ADDED from src/main/AndroidManifest.xml:100:4-50
activity#br.com.igreja.cellapp.listagens.FotoMembro
ADDED from src/main/AndroidManifest.xml:105:3-109:14
	android:screenOrientation
		ADDED from src/main/AndroidManifest.xml:108:4-40
	android:theme
		ADDED from src/main/AndroidManifest.xml:107:4-34
	android:name
		ADDED from src/main/AndroidManifest.xml:106:4-61
activity#br.com.igreja.cellapp.listagens.FotoEvento
ADDED from src/main/AndroidManifest.xml:111:3-115:14
	android:screenOrientation
		ADDED from src/main/AndroidManifest.xml:114:4-40
	android:theme
		ADDED from src/main/AndroidManifest.xml:113:4-34
	android:name
		ADDED from src/main/AndroidManifest.xml:112:4-61
activity#br.com.igreja.cellapp.mainMenu.Inicio
ADDED from src/main/AndroidManifest.xml:117:3-127:14
	android:screenOrientation
		ADDED from src/main/AndroidManifest.xml:120:4-40
	android:theme
		ADDED from src/main/AndroidManifest.xml:119:4-41
	android:name
		ADDED from src/main/AndroidManifest.xml:118:4-56
intent-filter#action:name:android.intent.action.MAIN+action:name:android.intent.action.SEARCH+category:name:android.intent.category.LAUNCHER
ADDED from src/main/AndroidManifest.xml:121:4-125:20
action#android.intent.action.MAIN
ADDED from src/main/AndroidManifest.xml:122:5-57
	android:name
		ADDED from src/main/AndroidManifest.xml:122:13-54
category#android.intent.category.LAUNCHER
ADDED from src/main/AndroidManifest.xml:123:5-65
	android:name
		ADDED from src/main/AndroidManifest.xml:123:15-62
action#android.intent.action.SEARCH
ADDED from src/main/AndroidManifest.xml:124:5-59
	android:name
		ADDED from src/main/AndroidManifest.xml:124:13-56
activity#br.com.igreja.cellapp.listagens.MuralEventos
ADDED from src/main/AndroidManifest.xml:129:3-133:14
	android:screenOrientation
		ADDED from src/main/AndroidManifest.xml:132:4-40
	android:theme
		ADDED from src/main/AndroidManifest.xml:131:4-41
	android:name
		ADDED from src/main/AndroidManifest.xml:130:4-63
activity#br.com.igreja.cellapp.json.AgReuniao
ADDED from src/main/AndroidManifest.xml:135:3-139:14
	android:screenOrientation
		ADDED from src/main/AndroidManifest.xml:138:4-40
	android:theme
		ADDED from src/main/AndroidManifest.xml:137:4-34
	android:name
		ADDED from src/main/AndroidManifest.xml:136:4-55
activity#br.com.igreja.cellapp.activities.SelecionarVersao
ADDED from src/main/AndroidManifest.xml:142:3-146:14
	android:screenOrientation
		ADDED from src/main/AndroidManifest.xml:145:4-40
	android:theme
		ADDED from src/main/AndroidManifest.xml:144:4-34
	android:name
		ADDED from src/main/AndroidManifest.xml:143:4-68
activity#br.com.igreja.cellapp.mainMenu.YouTubeMaanaim
ADDED from src/main/AndroidManifest.xml:148:3-152:14
	android:screenOrientation
		ADDED from src/main/AndroidManifest.xml:151:4-40
	android:theme
		ADDED from src/main/AndroidManifest.xml:150:4-34
	android:name
		ADDED from src/main/AndroidManifest.xml:149:4-64
activity#br.com.igreja.cellapp.mainMenu.RadioMaanaim
ADDED from src/main/AndroidManifest.xml:154:3-159:14
	android:screenOrientation
		ADDED from src/main/AndroidManifest.xml:156:4-40
	android:windowSoftInputMode
		ADDED from src/main/AndroidManifest.xml:158:4-43
	android:theme
		ADDED from src/main/AndroidManifest.xml:157:4-34
	android:name
		ADDED from src/main/AndroidManifest.xml:155:4-62
service#com.parse.PushService
ADDED from src/main/AndroidManifest.xml:161:3-51
	android:name
		ADDED from src/main/AndroidManifest.xml:161:12-48
receiver#com.parse.ParseBroadcastReceiver
ADDED from src/main/AndroidManifest.xml:162:3-167:14
	android:name
		ADDED from src/main/AndroidManifest.xml:162:13-60
intent-filter#action:name:android.intent.action.BOOT_COMPLETED+action:name:android.intent.action.USER_PRESENT
ADDED from src/main/AndroidManifest.xml:163:4-166:20
action#android.intent.action.BOOT_COMPLETED
ADDED from src/main/AndroidManifest.xml:164:5-67
	android:name
		ADDED from src/main/AndroidManifest.xml:164:13-64
action#android.intent.action.USER_PRESENT
ADDED from src/main/AndroidManifest.xml:165:5-65
	android:name
		ADDED from src/main/AndroidManifest.xml:165:13-62
receiver#com.parse.GcmBroadcastReceiver
ADDED from src/main/AndroidManifest.xml:168:3-179:14
	android:permission
		ADDED from src/main/AndroidManifest.xml:169:4-64
	android:name
		ADDED from src/main/AndroidManifest.xml:168:13-58
intent-filter#action:name:com.google.android.c2dm.intent.RECEIVE+action:name:com.google.android.c2dm.intent.REGISTRATION+category:name:br.com.igreja.cellapp
ADDED from src/main/AndroidManifest.xml:170:4-178:20
action#com.google.android.c2dm.intent.RECEIVE
ADDED from src/main/AndroidManifest.xml:171:5-69
	android:name
		ADDED from src/main/AndroidManifest.xml:171:13-66
action#com.google.android.c2dm.intent.REGISTRATION
ADDED from src/main/AndroidManifest.xml:172:5-74
	android:name
		ADDED from src/main/AndroidManifest.xml:172:13-71
category#br.com.igreja.cellapp
ADDED from src/main/AndroidManifest.xml:177:5-54
	android:name
		ADDED from src/main/AndroidManifest.xml:177:15-51
receiver#br.com.igreja.cellapp.util.Receiver
ADDED from src/main/AndroidManifest.xml:180:3-188:14
	android:exported
		ADDED from src/main/AndroidManifest.xml:182:4-28
	android:name
		ADDED from src/main/AndroidManifest.xml:181:4-33
intent-filter#action:name:com.parse.push.intent.DELETE+action:name:com.parse.push.intent.OPEN+action:name:com.parse.push.intent.RECEIVE
ADDED from src/main/AndroidManifest.xml:183:4-187:20
action#com.parse.push.intent.RECEIVE
ADDED from src/main/AndroidManifest.xml:184:5-60
	android:name
		ADDED from src/main/AndroidManifest.xml:184:13-57
action#com.parse.push.intent.DELETE
ADDED from src/main/AndroidManifest.xml:185:5-59
	android:name
		ADDED from src/main/AndroidManifest.xml:185:13-56
action#com.parse.push.intent.OPEN
ADDED from src/main/AndroidManifest.xml:186:5-57
	android:name
		ADDED from src/main/AndroidManifest.xml:186:13-54
meta-data#com.parse.push.notification_icon
ADDED from src/main/AndroidManifest.xml:191:3-104
	android:resource
		ADDED from src/main/AndroidManifest.xml:191:62-102
	android:name
		ADDED from src/main/AndroidManifest.xml:191:14-61
uses-sdk
INJECTED from src/main/AndroidManifest.xml reason: use-sdk injection requested
INJECTED from src/main/AndroidManifest.xml
INJECTED from src/main/AndroidManifest.xml
MERGED from [androidx.multidex:multidex:2.0.0] AndroidManifest.xml:20:5-43
MERGED from [androidx.multidex:multidex:2.0.0] AndroidManifest.xml:20:5-43
MERGED from [com.google.android.gms:play-services-maps:17.0.0] AndroidManifest.xml:20:5-44
MERGED from [com.google.android.gms:play-services-maps:17.0.0] AndroidManifest.xml:20:5-44
MERGED from [androidx.appcompat:appcompat:1.1.0] AndroidManifest.xml:20:5-22:41
MERGED from [androidx.appcompat:appcompat:1.1.0] AndroidManifest.xml:20:5-22:41
MERGED from [androidx.core:core-ktx:1.1.0] AndroidManifest.xml:5:5-7:41
MERGED from [androidx.core:core-ktx:1.1.0] AndroidManifest.xml:5:5-7:41
MERGED from [com.github.asne.facebook:facebook:3.17.2] AndroidManifest.xml:20:5-22:41
MERGED from [com.github.asne.facebook:facebook:3.17.2] AndroidManifest.xml:20:5-22:41
MERGED from [com.google.android.gms:play-services-base:17.0.0] AndroidManifest.xml:20:5-44
MERGED from [com.google.android.gms:play-services-base:17.0.0] AndroidManifest.xml:20:5-44
MERGED from [com.google.android.gms:play-services-tasks:17.0.0] AndroidManifest.xml:5:5-44
MERGED from [com.google.android.gms:play-services-tasks:17.0.0] AndroidManifest.xml:5:5-44
MERGED from [com.google.android.gms:play-services-basement:17.0.0] AndroidManifest.xml:20:5-44
MERGED from [com.google.android.gms:play-services-basement:17.0.0] AndroidManifest.xml:20:5-44
MERGED from [androidx.legacy:legacy-support-v4:1.0.0] AndroidManifest.xml:20:5-44
MERGED from [androidx.legacy:legacy-support-v4:1.0.0] AndroidManifest.xml:20:5-44
MERGED from [androidx.fragment:fragment:1.1.0] AndroidManifest.xml:20:5-22:41
MERGED from [androidx.fragment:fragment:1.1.0] AndroidManifest.xml:20:5-22:41
MERGED from [androidx.appcompat:appcompat-resources:1.1.0] AndroidManifest.xml:20:5-22:41
MERGED from [androidx.appcompat:appcompat-resources:1.1.0] AndroidManifest.xml:20:5-22:41
MERGED from [androidx.legacy:legacy-support-core-ui:1.0.0] AndroidManifest.xml:20:5-44
MERGED from [androidx.legacy:legacy-support-core-ui:1.0.0] AndroidManifest.xml:20:5-44
MERGED from [androidx.drawerlayout:drawerlayout:1.0.0] AndroidManifest.xml:20:5-44
MERGED from [androidx.drawerlayout:drawerlayout:1.0.0] AndroidManifest.xml:20:5-44
MERGED from [androidx.viewpager:viewpager:1.0.0] AndroidManifest.xml:20:5-44
MERGED from [androidx.viewpager:viewpager:1.0.0] AndroidManifest.xml:20:5-44
MERGED from [androidx.legacy:legacy-support-core-utils:1.0.0] AndroidManifest.xml:20:5-44
MERGED from [androidx.legacy:legacy-support-core-utils:1.0.0] AndroidManifest.xml:20:5-44
MERGED from [androidx.loader:loader:1.0.0] AndroidManifest.xml:20:5-44
MERGED from [androidx.loader:loader:1.0.0] AndroidManifest.xml:20:5-44
MERGED from [androidx.activity:activity:1.0.0] AndroidManifest.xml:20:5-22:41
MERGED from [androidx.activity:activity:1.0.0] AndroidManifest.xml:20:5-22:41
MERGED from [androidx.vectordrawable:vectordrawable-animated:1.1.0] AndroidManifest.xml:20:5-22:41
MERGED from [androidx.vectordrawable:vectordrawable-animated:1.1.0] AndroidManifest.xml:20:5-22:41
MERGED from [androidx.vectordrawable:vectordrawable:1.1.0] AndroidManifest.xml:20:5-22:41
MERGED from [androidx.vectordrawable:vectordrawable:1.1.0] AndroidManifest.xml:20:5-22:41
MERGED from [androidx.coordinatorlayout:coordinatorlayout:1.0.0] AndroidManifest.xml:20:5-44
MERGED from [androidx.coordinatorlayout:coordinatorlayout:1.0.0] AndroidManifest.xml:20:5-44
MERGED from [androidx.slidingpanelayout:slidingpanelayout:1.0.0] AndroidManifest.xml:20:5-44
MERGED from [androidx.slidingpanelayout:slidingpanelayout:1.0.0] AndroidManifest.xml:20:5-44
MERGED from [androidx.customview:customview:1.0.0] AndroidManifest.xml:20:5-44
MERGED from [androidx.customview:customview:1.0.0] AndroidManifest.xml:20:5-44
MERGED from [androidx.media:media:1.0.0] AndroidManifest.xml:20:5-44
MERGED from [androidx.media:media:1.0.0] AndroidManifest.xml:20:5-44
MERGED from [androidx.swiperefreshlayout:swiperefreshlayout:1.0.0] AndroidManifest.xml:20:5-44
MERGED from [androidx.swiperefreshlayout:swiperefreshlayout:1.0.0] AndroidManifest.xml:20:5-44
MERGED from [androidx.asynclayoutinflater:asynclayoutinflater:1.0.0] AndroidManifest.xml:20:5-44
MERGED from [androidx.asynclayoutinflater:asynclayoutinflater:1.0.0] AndroidManifest.xml:20:5-44
MERGED from [androidx.core:core:1.1.0] AndroidManifest.xml:20:5-22:41
MERGED from [androidx.core:core:1.1.0] AndroidManifest.xml:20:5-22:41
MERGED from [androidx.cursoradapter:cursoradapter:1.0.0] AndroidManifest.xml:20:5-44
MERGED from [androidx.cursoradapter:cursoradapter:1.0.0] AndroidManifest.xml:20:5-44
MERGED from [androidx.versionedparcelable:versionedparcelable:1.1.0] AndroidManifest.xml:20:5-22:41
MERGED from [androidx.versionedparcelable:versionedparcelable:1.1.0] AndroidManifest.xml:20:5-22:41
MERGED from [androidx.lifecycle:lifecycle-runtime:2.1.0] AndroidManifest.xml:20:5-44
MERGED from [androidx.lifecycle:lifecycle-runtime:2.1.0] AndroidManifest.xml:20:5-44
MERGED from [androidx.lifecycle:lifecycle-viewmodel:2.1.0] AndroidManifest.xml:20:5-44
MERGED from [androidx.lifecycle:lifecycle-viewmodel:2.1.0] AndroidManifest.xml:20:5-44
MERGED from [androidx.savedstate:savedstate:1.0.0] AndroidManifest.xml:20:5-22:41
MERGED from [androidx.savedstate:savedstate:1.0.0] AndroidManifest.xml:20:5-22:41
MERGED from [androidx.interpolator:interpolator:1.0.0] AndroidManifest.xml:20:5-44
MERGED from [androidx.interpolator:interpolator:1.0.0] AndroidManifest.xml:20:5-44
MERGED from [androidx.documentfile:documentfile:1.0.0] AndroidManifest.xml:20:5-44
MERGED from [androidx.documentfile:documentfile:1.0.0] AndroidManifest.xml:20:5-44
MERGED from [androidx.localbroadcastmanager:localbroadcastmanager:1.0.0] AndroidManifest.xml:20:5-44
MERGED from [androidx.localbroadcastmanager:localbroadcastmanager:1.0.0] AndroidManifest.xml:20:5-44
MERGED from [androidx.print:print:1.0.0] AndroidManifest.xml:20:5-44
MERGED from [androidx.print:print:1.0.0] AndroidManifest.xml:20:5-44
MERGED from [androidx.lifecycle:lifecycle-livedata:2.0.0] AndroidManifest.xml:20:5-44
MERGED from [androidx.lifecycle:lifecycle-livedata:2.0.0] AndroidManifest.xml:20:5-44
MERGED from [androidx.lifecycle:lifecycle-livedata-core:2.0.0] AndroidManifest.xml:20:5-44
MERGED from [androidx.lifecycle:lifecycle-livedata-core:2.0.0] AndroidManifest.xml:20:5-44
MERGED from [androidx.arch.core:core-runtime:2.0.0] AndroidManifest.xml:20:5-44
MERGED from [androidx.arch.core:core-runtime:2.0.0] AndroidManifest.xml:20:5-44
INJECTED from src/main/AndroidManifest.xml
INJECTED from src/main/AndroidManifest.xml
	android:targetSdkVersion
		INJECTED from src/main/AndroidManifest.xml
		ADDED from src/main/AndroidManifest.xml
		INJECTED from src/main/AndroidManifest.xml
	android:minSdkVersion
		INJECTED from src/main/AndroidManifest.xml
		ADDED from src/main/AndroidManifest.xml
		INJECTED from src/main/AndroidManifest.xml
uses-library#org.apache.http.legacy
ADDED from [com.google.android.gms:play-services-maps:17.0.0] AndroidManifest.xml:33:9-35:40
	android:required
		ADDED from [com.google.android.gms:play-services-maps:17.0.0] AndroidManifest.xml:35:13-37
	android:name
		ADDED from [com.google.android.gms:play-services-maps:17.0.0] AndroidManifest.xml:34:13-50
activity#com.google.android.gms.common.api.GoogleApiActivity
ADDED from [com.google.android.gms:play-services-base:17.0.0] AndroidManifest.xml:23:9-26:75
	android:exported
		ADDED from [com.google.android.gms:play-services-base:17.0.0] AndroidManifest.xml:25:13-37
	android:theme
		ADDED from [com.google.android.gms:play-services-base:17.0.0] AndroidManifest.xml:26:13-72
	android:name
		ADDED from [com.google.android.gms:play-services-base:17.0.0] AndroidManifest.xml:24:13-79